[debug] [2022-12-07T17:50:18.124Z] ----------------------------------------------------------------------
[debug] [2022-12-07T17:50:18.125Z] Command:       /opt/homebrew/Cellar/node/19.2.0/bin/node /opt/homebrew/bin/firebase init
[debug] [2022-12-07T17:50:18.126Z] CLI Version:   11.17.0
[debug] [2022-12-07T17:50:18.126Z] Platform:      darwin
[debug] [2022-12-07T17:50:18.126Z] Node Version:  v19.2.0
[debug] [2022-12-07T17:50:18.126Z] Time:          Wed Dec 07 2022 14:50:18 GMT-0300 (hora estándar de Uruguay)
[debug] [2022-12-07T17:50:18.126Z] ----------------------------------------------------------------------
[debug] 
[debug] [2022-12-07T17:50:18.129Z] > command requires scopes: ["email","openid","https://www.googleapis.com/auth/cloudplatformprojects.readonly","https://www.googleapis.com/auth/firebase","https://www.googleapis.com/auth/cloud-platform"]
[debug] [2022-12-07T17:50:18.129Z] > authorizing via signed-in user (cleberich@gmail.com)
[info] 
     ######## #### ########  ######## ########     ###     ######  ########
     ##        ##  ##     ## ##       ##     ##  ##   ##  ##       ##
     ######    ##  ########  ######   ########  #########  ######  ######
     ##        ##  ##    ##  ##       ##     ## ##     ##       ## ##
     ##       #### ##     ## ######## ########  ##     ##  ######  ########

You're about to initialize a Firebase project in this directory:

  /Users/cleberrich/Documents/Probando/pruebita

[info] 
=== Project Setup
[info] 
[info] First, let's associate this project directory with a Firebase project.
[info] You can create multiple project aliases by running firebase use --add, 
[info] but for now we'll just set up a default project.
[info] 
[debug] [2022-12-07T17:50:37.053Z] >>> [apiv2][query] GET https://firebase.googleapis.com/v1beta1/projects pageSize=100
[debug] [2022-12-07T17:50:37.929Z] <<< [apiv2][status] GET https://firebase.googleapis.com/v1beta1/projects 200
[debug] [2022-12-07T17:50:37.930Z] <<< [apiv2][body] GET https://firebase.googleapis.com/v1beta1/projects [omitted]
